# JRE version: OpenJDK Runtime Environment (8.0_152-b02) (build 1.8.0_152-release-1024-b02)
# Java VM: OpenJDK 64-Bit Server VM (25.152-b02 mixed mode windows-amd64 compressed oops)
Heap:
 PSYoungGen      total 411136K, used 4992K [0x00000000e0000000, 0x0000000100000000, 0x0000000100000000)
  eden space 309760K, 0% used [0x00000000e0000000,0x00000000e0000000,0x00000000f2e80000)
  from space 101376K, 4% used [0x00000000f2e80000,0x00000000f3360000,0x00000000f9180000)
  to   space 100352K, 0% used [0x00000000f9e00000,0x00000000f9e00000,0x0000000100000000)
 ParOldGen       total 340480K, used 313011K [0x00000000a0000000, 0x00000000b4c80000, 0x00000000e0000000)
  object space 340480K, 91% used [0x00000000a0000000,0x00000000b31ace00,0x00000000b4c80000)
 Metaspace       used 95398K, capacity 102042K, committed 102144K, reserved 1138688K
  class space    used 11744K, capacity 12977K, committed 13056K, reserved 1048576K
GC Heap History (10 events):
Event: 10702.295 GC heap after
Heap after GC invocations=64 (full 7):
 PSYoungGen      total 379392K, used 9328K [0x00000000e0000000, 0x00000000ff400000, 0x0000000100000000)
  eden space 262656K, 0% used [0x00000000e0000000,0x00000000e0000000,0x00000000f0080000)
  from space 116736K, 7% used [0x00000000f0080000,0x00000000f099c030,0x00000000f7280000)
  to   space 113664K, 0% used [0x00000000f8500000,0x00000000f8500000,0x00000000ff400000)
 ParOldGen       total 340480K, used 275188K [0x00000000a0000000, 0x00000000b4c80000, 0x00000000e0000000)
  object space 340480K, 80% used [0x00000000a0000000,0x00000000b0cbd160,0x00000000b4c80000)
 Metaspace       used 93935K, capacity 100198K, committed 100352K, reserved 1136640K
  class space    used 11577K, capacity 12740K, committed 12800K, reserved 1048576K
}
Event: 14740.477 GC heap before
{Heap before GC invocations=65 (full 7):
 PSYoungGen      total 379392K, used 271984K [0x00000000e0000000, 0x00000000ff400000, 0x0000000100000000)
  eden space 262656K, 100% used [0x00000000e0000000,0x00000000f0080000,0x00000000f0080000)
  from space 116736K, 7% used [0x00000000f0080000,0x00000000f099c030,0x00000000f7280000)
  to   space 113664K, 0% used [0x00000000f8500000,0x00000000f8500000,0x00000000ff400000)
 ParOldGen       total 340480K, used 275188K [0x00000000a0000000, 0x00000000b4c80000, 0x00000000e0000000)
  object space 340480K, 80% used [0x00000000a0000000,0x00000000b0cbd160,0x00000000b4c80000)
 Metaspace       used 94351K, capacity 100658K, committed 100864K, reserved 1136640K
  class space    used 11622K, capacity 12794K, committed 12800K, reserved 1048576K
Event: 14743.754 GC heap after
Heap after GC invocations=65 (full 7):
 PSYoungGen      total 384000K, used 45500K [0x00000000e0000000, 0x00000000fe900000, 0x0000000100000000)
  eden space 281600K, 0% used [0x00000000e0000000,0x00000000e0000000,0x00000000f1300000)
  from space 102400K, 44% used [0x00000000f8500000,0x00000000fb16f2b0,0x00000000fe900000)
  to   space 109568K, 0% used [0x00000000f1300000,0x00000000f1300000,0x00000000f7e00000)
 ParOldGen       total 340480K, used 275196K [0x00000000a0000000, 0x00000000b4c80000, 0x00000000e0000000)
  object space 340480K, 80% used [0x00000000a0000000,0x00000000b0cbf160,0x00000000b4c80000)
 Metaspace       used 94351K, capacity 100658K, committed 100864K, reserved 1136640K
  class space    used 11622K, capacity 12794K, committed 12800K, reserved 1048576K
}
Event: 14772.373 GC heap before
{Heap before GC invocations=66 (full 7):
 PSYoungGen      total 384000K, used 326827K [0x00000000e0000000, 0x00000000fe900000, 0x0000000100000000)
  eden space 281600K, 99% used [0x00000000e0000000,0x00000000f12bbb98,0x00000000f1300000)
  from space 102400K, 44% used [0x00000000f8500000,0x00000000fb16f2b0,0x00000000fe900000)
  to   space 109568K, 0% used [0x00000000f1300000,0x00000000f1300000,0x00000000f7e00000)
 ParOldGen       total 340480K, used 275196K [0x00000000a0000000, 0x00000000b4c80000, 0x00000000e0000000)
  object space 340480K, 80% used [0x00000000a0000000,0x00000000b0cbf160,0x00000000b4c80000)
 Metaspace       used 94417K, capacity 100704K, committed 100992K, reserved 1136640K
  class space    used 11631K, capacity 12803K, committed 12928K, reserved 1048576K
Event: 14777.012 GC heap after
Heap after GC invocations=66 (full 7):
 PSYoungGen      total 391168K, used 43222K [0x00000000e0000000, 0x00000000ffe00000, 0x0000000100000000)
  eden space 281600K, 0% used [0x00000000e0000000,0x00000000e0000000,0x00000000f1300000)
  from space 109568K, 39% used [0x00000000f1300000,0x00000000f3d35880,0x00000000f7e00000)
  to   space 104960K, 0% used [0x00000000f9780000,0x00000000f9780000,0x00000000ffe00000)
 ParOldGen       total 340480K, used 275196K [0x00000000a0000000, 0x00000000b4c80000, 0x00000000e0000000)
  object space 340480K, 80% used [0x00000000a0000000,0x00000000b0cbf160,0x00000000b4c80000)
 Metaspace       used 94417K, capacity 100704K, committed 100992K, reserved 1136640K
  class space    used 11631K, capacity 12803K, committed 12928K, reserved 1048576K
}
Event: 14903.078 GC heap before
{Heap before GC invocations=67 (full 7):
 PSYoungGen      total 391168K, used 324822K [0x00000000e0000000, 0x00000000ffe00000, 0x0000000100000000)
  eden space 281600K, 100% used [0x00000000e0000000,0x00000000f1300000,0x00000000f1300000)
  from space 109568K, 39% used [0x00000000f1300000,0x00000000f3d35880,0x00000000f7e00000)
  to   space 104960K, 0% used [0x00000000f9780000,0x00000000f9780000,0x00000000ffe00000)
 ParOldGen       total 340480K, used 275196K [0x00000000a0000000, 0x00000000b4c80000, 0x00000000e0000000)
  object space 340480K, 80% used [0x00000000a0000000,0x00000000b0cbf160,0x00000000b4c80000)
 Metaspace       used 95023K, capacity 101600K, committed 101760K, reserved 1138688K
  class space    used 11720K, capacity 12924K, committed 12928K, reserved 1048576K
Event: 14905.631 GC heap after
Heap after GC invocations=67 (full 7):
 PSYoungGen      total 404992K, used 44012K [0x00000000e0000000, 0x00000000ff480000, 0x0000000100000000)
  eden space 309760K, 0% used [0x00000000e0000000,0x00000000e0000000,0x00000000f2e80000)
  from space 95232K, 46% used [0x00000000f9780000,0x00000000fc27b3b0,0x00000000ff480000)
  to   space 101376K, 0% used [0x00000000f2e80000,0x00000000f2e80000,0x00000000f9180000)
 ParOldGen       total 340480K, used 277067K [0x00000000a0000000, 0x00000000b4c80000, 0x00000000e0000000)
  object space 340480K, 81% used [0x00000000a0000000,0x00000000b0e92f68,0x00000000b4c80000)
 Metaspace       used 95023K, capacity 101600K, committed 101760K, reserved 1138688K
  class space    used 11720K, capacity 12924K, committed 12928K, reserved 1048576K
}
Event: 14939.429 GC heap before
{Heap before GC invocations=68 (full 7):
 PSYoungGen      total 404992K, used 353772K [0x00000000e0000000, 0x00000000ff480000, 0x0000000100000000)
  eden space 309760K, 100% used [0x00000000e0000000,0x00000000f2e80000,0x00000000f2e80000)
  from space 95232K, 46% used [0x00000000f9780000,0x00000000fc27b3b0,0x00000000ff480000)
  to   space 101376K, 0% used [0x00000000f2e80000,0x00000000f2e80000,0x00000000f9180000)
 ParOldGen       total 340480K, used 277067K [0x00000000a0000000, 0x00000000b4c80000, 0x00000000e0000000)
  object space 340480K, 81% used [0x00000000a0000000,0x00000000b0e92f68,0x00000000b4c80000)
 Metaspace       used 95398K, capacity 102042K, committed 102144K, reserved 1138688K
  class space    used 11744K, capacity 12977K, committed 13056K, reserved 1048576K
Event: 14939.483 GC heap after
Heap after GC invocations=68 (full 7):
 PSYoungGen      total 411136K, used 4992K [0x00000000e0000000, 0x0000000100000000, 0x0000000100000000)
  eden space 309760K, 0% used [0x00000000e0000000,0x00000000e0000000,0x00000000f2e80000)
  from space 101376K, 4% used [0x00000000f2e80000,0x00000000f3360000,0x00000000f9180000)
  to   space 100352K, 0% used [0x00000000f9e00000,0x00000000f9e00000,0x0000000100000000)
 ParOldGen       total 340480K, used 313011K [0x00000000a0000000, 0x00000000b4c80000, 0x00000000e0000000)
  object space 340480K, 91% used [0x00000000a0000000,0x00000000b31ace00,0x00000000b4c80000)
 Metaspace       used 95398K, capacity 102042K, committed 102144K, reserved 1138688K
  class space    used 11744K, capacity 12977K, committed 13056K, reserved 1048576K
}
Event: 14939.483 GC heap before
{Heap before GC invocations=69 (full 8):
 PSYoungGen      total 411136K, used 4992K [0x00000000e0000000, 0x0000000100000000, 0x0000000100000000)
  eden space 309760K, 0% used [0x00000000e0000000,0x00000000e0000000,0x00000000f2e80000)
  from space 101376K, 4% used [0x00000000f2e80000,0x00000000f3360000,0x00000000f9180000)
  to   space 100352K, 0% used [0x00000000f9e00000,0x00000000f9e00000,0x0000000100000000)
 ParOldGen       total 340480K, used 313011K [0x00000000a0000000, 0x00000000b4c80000, 0x00000000e0000000)
  object space 340480K, 91% used [0x00000000a0000000,0x00000000b31ace00,0x00000000b4c80000)
 Metaspace       used 95398K, capacity 102042K, committed 102144K, reserved 1138688K
  class space    used 11744K, capacity 12977K, committed 13056K, reserved 1048576K

